<?xml version="1.0" encoding="UTF-8"?>
<!-- Generated by org.testng.reporters.JUnitReportReporter -->
<testsuite hostname="DESKTOP-10BP95J" failures="0" tests="1" name="MyRunner.SwaglagRunner_testNg" time="44.481" errors="0" timestamp="2023-03-31T21:32:16 IST" skipped="0">
  <testcase classname="MyRunner.SwaglagRunner_testNg" name="runScenario" time="44.481"/>
  <system-out/>
</testsuite> <!-- MyRunner.SwaglagRunner_testNg -->
